07-08-2024 16:26:59: System.ArgumentException: At most 4 text fragments can be added in evaluation mode.
   at Aspose.Pdf.Text.TextBuilder.AppendText(TextFragment , Int32 , Boolean )
   at Âš..Â(Â”Âš )
   at ÂÂ•.Â”Âš.Accept(Â‰Â“Âš )
   at ÂÂ•.Â”Âš.Accept(Â‰Â“Âš )
   at ÂÂ•.Â”Âš.Accept(Â‰Â“Âš )
   at ÂÂ•.Â”Âš.Accept(Â‰Â“Âš )
   at ÂÂ•.Â”Âš.Accept(Â‰Â“Âš )
   at ÂÂ•.Â”Âš.Accept(Â‰Â“Âš )
   at ÂÂ•.Â”Âš.Accept(Â‰Â“Âš )
   at ÂÂ•.Â”Âš.Accept(Â‰Â“Âš )
   at Âš.Â.Â‹Â€(List`1 , Document , LoadOptions , Boolean )
   at Aspose.Pdf.Document.ÂŸ(Stream , LoadOptions )
   at Aspose.Pdf.Document..ctor(String filename, LoadOptions options)
   at ResumeBuilder.Controllers.HomeController.DownloadPDF(String html) in C:\Users\srirams\source\repos\ResumeBuilder\ResumeBuilder\Controllers\HomeController.cs:line 61
07-08-2024 16:26:59: System.ArgumentException: At most 4 text fragments can be added in evaluation mode.
   at Aspose.Pdf.Text.TextBuilder.AppendText(TextFragment , Int32 , Boolean )
   at Âš..Â(Â”Âš )
   at ÂÂ•.Â”Âš.Accept(Â‰Â“Âš )
   at ÂÂ•.Â”Âš.Accept(Â‰Â“Âš )
   at ÂÂ•.Â”Âš.Accept(Â‰Â“Âš )
   at ÂÂ•.Â”Âš.Accept(Â‰Â“Âš )
   at ÂÂ•.Â”Âš.Accept(Â‰Â“Âš )
   at ÂÂ•.Â”Âš.Accept(Â‰Â“Âš )
   at ÂÂ•.Â”Âš.Accept(Â‰Â“Âš )
   at ÂÂ•.Â”Âš.Accept(Â‰Â“Âš )
   at Âš.Â.Â‹Â€(List`1 , Document , LoadOptions , Boolean )
   at Aspose.Pdf.Document.ÂŸ(Stream , LoadOptions )
   at Aspose.Pdf.Document..ctor(String filename, LoadOptions options)
   at ResumeBuilder.Controllers.HomeController.DownloadPDF(String html) in C:\Users\srirams\source\repos\ResumeBuilder\ResumeBuilder\Controllers\HomeController.cs:line 61
07-08-2024 16:28:26: System.ArgumentException: At most 4 text fragments can be added in evaluation mode.
   at Aspose.Pdf.Text.TextBuilder.AppendText(TextFragment , Int32 , Boolean )
   at Âš..Â(Â”Âš )
   at ÂÂ•.Â”Âš.Accept(Â‰Â“Âš )
   at ÂÂ•.Â”Âš.Accept(Â‰Â“Âš )
   at ÂÂ•.Â”Âš.Accept(Â‰Â“Âš )
   at ÂÂ•.Â”Âš.Accept(Â‰Â“Âš )
   at ÂÂ•.Â”Âš.Accept(Â‰Â“Âš )
   at ÂÂ•.Â”Âš.Accept(Â‰Â“Âš )
   at ÂÂ•.Â”Âš.Accept(Â‰Â“Âš )
   at ÂÂ•.Â”Âš.Accept(Â‰Â“Âš )
   at Âš.Â.Â‹Â€(List`1 , Document , LoadOptions , Boolean )
   at Aspose.Pdf.Document.ÂŸ(Stream , LoadOptions )
   at Aspose.Pdf.Document..ctor(String filename, LoadOptions options)
   at ResumeBuilder.Controllers.HomeController.DownloadPDF(String html) in C:\Users\srirams\source\repos\ResumeBuilder\ResumeBuilder\Controllers\HomeController.cs:line 61
07-08-2024 16:34:30: System.ArgumentException: At most 4 text fragments can be added in evaluation mode.
   at Aspose.Pdf.Text.TextBuilder.AppendText(TextFragment , Int32 , Boolean )
   at Âš..Â(Â”Âš )
   at ÂÂ•.Â”Âš.Accept(Â‰Â“Âš )
   at ÂÂ•.Â”Âš.Accept(Â‰Â“Âš )
   at ÂÂ•.Â”Âš.Accept(Â‰Â“Âš )
   at ÂÂ•.Â”Âš.Accept(Â‰Â“Âš )
   at ÂÂ•.Â”Âš.Accept(Â‰Â“Âš )
   at ÂÂ•.Â”Âš.Accept(Â‰Â“Âš )
   at ÂÂ•.Â”Âš.Accept(Â‰Â“Âš )
   at ÂÂ•.Â”Âš.Accept(Â‰Â“Âš )
   at Âš.Â.Â‹Â€(List`1 , Document , LoadOptions , Boolean )
   at Aspose.Pdf.Document.ÂŸ(Stream , LoadOptions )
   at Aspose.Pdf.Document..ctor(String filename, LoadOptions options)
   at ResumeBuilder.Controllers.HomeController.DownloadPDF(String html) in C:\Users\srirams\source\repos\ResumeBuilder\ResumeBuilder\Controllers\HomeController.cs:line 65
07-08-2024 16:35:05: System.ArgumentException: At most 4 text fragments can be added in evaluation mode.
   at Aspose.Pdf.Text.TextBuilder.AppendText(TextFragment , Int32 , Boolean )
   at Âš..Â(Â”Âš )
   at ÂÂ•.Â”Âš.Accept(Â‰Â“Âš )
   at ÂÂ•.Â”Âš.Accept(Â‰Â“Âš )
   at ÂÂ•.Â”Âš.Accept(Â‰Â“Âš )
   at ÂÂ•.Â”Âš.Accept(Â‰Â“Âš )
   at ÂÂ•.Â”Âš.Accept(Â‰Â“Âš )
   at ÂÂ•.Â”Âš.Accept(Â‰Â“Âš )
   at ÂÂ•.Â”Âš.Accept(Â‰Â“Âš )
   at ÂÂ•.Â”Âš.Accept(Â‰Â“Âš )
   at Âš.Â.Â‹Â€(List`1 , Document , LoadOptions , Boolean )
   at Aspose.Pdf.Document.ÂŸ(Stream , LoadOptions )
   at Aspose.Pdf.Document..ctor(String filename, LoadOptions options)
   at ResumeBuilder.Controllers.HomeController.DownloadPDF(String html) in C:\Users\srirams\source\repos\ResumeBuilder\ResumeBuilder\Controllers\HomeController.cs:line 65
07-08-2024 16:38:06: System.ArgumentException: At most 4 text fragments can be added in evaluation mode.
   at Aspose.Pdf.Text.TextBuilder.AppendText(TextFragment , Int32 , Boolean )
   at Âš..Â(Â”Âš )
   at ÂÂ•.Â”Âš.Accept(Â‰Â“Âš )
   at ÂÂ•.Â”Âš.Accept(Â‰Â“Âš )
   at ÂÂ•.Â”Âš.Accept(Â‰Â“Âš )
   at ÂÂ•.Â”Âš.Accept(Â‰Â“Âš )
   at ÂÂ•.Â”Âš.Accept(Â‰Â“Âš )
   at ÂÂ•.Â”Âš.Accept(Â‰Â“Âš )
   at ÂÂ•.Â”Âš.Accept(Â‰Â“Âš )
   at ÂÂ•.Â”Âš.Accept(Â‰Â“Âš )
   at Âš.Â.Â‹Â€(List`1 , Document , LoadOptions , Boolean )
   at Aspose.Pdf.Document.ÂŸ(Stream , LoadOptions )
   at Aspose.Pdf.Document..ctor(String filename, LoadOptions options)
   at ResumeBuilder.Controllers.HomeController.DownloadPDF(String html) in C:\Users\srirams\source\repos\ResumeBuilder\ResumeBuilder\Controllers\HomeController.cs:line 65
07-08-2024 16:58:05: System.ArgumentException: At most 4 text fragments can be added in evaluation mode.
   at Aspose.Pdf.Text.TextBuilder.AppendText(TextFragment , Int32 , Boolean )
   at Âš..Â(Â”Âš )
   at ÂÂ•.Â”Âš.Accept(Â‰Â“Âš )
   at ÂÂ•.Â”Âš.Accept(Â‰Â“Âš )
   at ÂÂ•.Â”Âš.Accept(Â‰Â“Âš )
   at ÂÂ•.Â”Âš.Accept(Â‰Â“Âš )
   at ÂÂ•.Â”Âš.Accept(Â‰Â“Âš )
   at ÂÂ•.Â”Âš.Accept(Â‰Â“Âš )
   at ÂÂ•.Â”Âš.Accept(Â‰Â“Âš )
   at ÂÂ•.Â”Âš.Accept(Â‰Â“Âš )
   at Âš.Â.Â‹Â€(List`1 , Document , LoadOptions , Boolean )
   at Aspose.Pdf.Document.ÂŸ(Stream , LoadOptions )
   at Aspose.Pdf.Document..ctor(String filename, LoadOptions options)
   at ResumeBuilder.Controllers.HomeController.DownloadPDF(String html) in C:\Users\srirams\source\repos\ResumeBuilder\ResumeBuilder\Controllers\HomeController.cs:line 65
07-08-2024 18:00:22: ÂÂœ.Â‡Â: The object does not support the operation or argument.
   at Â€Âœ.Âœ.ÂŒÂŸ()
   at Â.Â†.Â‹(Â† )
   at Â.ÂÂ†.get_Color()
   at Â‘Â›.Â™Â›.Initialize(Â‡ , Â† )
   at Â‘Â›.ÂœÂ›.Â€(Â‡ )
   at Â‘Â›.ÂÂ›.ÂŸÂ‘(Â‡ )
   at Â‡Â„.Âš.Â•Â„(ÂŠ )
   at Â‡Â„.Â.Â‡Â‹(ÂŠ )
   at Â‡Â„.Âš.Â•Â„(ÂŠ )
   at Â‡Â„.Â.Â‡Â‹(ÂŠ )
   at Â‡Â„.Â•.Â•Â„(ÂŠ )
   at Â‡Â„.Â.Â‡Â‹(ÂŠ )
   at Â‡Â„.ÂœÂ™.Â•Â„(ÂŠ )
   at Â‡Â„.Âš.Â•Â„(ÂŠ )
   at Â‡Â„..Â•Â„(ÂŠ )
   at ÂÂš.ÂÂ›.Convert(Â , ÂÂš )
   at ÂÂš.ÂÂ›.Convert(Stream , ÂÂš )
   at Âš.Â‘Â.Convert(Stream , Document , Â• , HtmlLoadOptions )
   at Aspose.Pdf.Document.ÂŸ(Stream , LoadOptions )
   at Aspose.Pdf.Document..ctor(String filename, LoadOptions options)
   at ResumeBuilder.Controllers.HomeController.DownloadPDF(String html) in C:\Users\srirams\source\repos\ResumeBuilder\ResumeBuilder\Controllers\HomeController.cs:line 65
07-08-2024 18:01:24: System.ArgumentException: At most 4 text fragments can be added in evaluation mode.
   at Aspose.Pdf.Text.TextBuilder.AppendText(TextFragment , Int32 , Boolean )
   at Âš..Â(Â”Âš )
   at ÂÂ•.Â”Âš.Accept(Â‰Â“Âš )
   at ÂÂ•.Â”Âš.Accept(Â‰Â“Âš )
   at ÂÂ•.Â”Âš.Accept(Â‰Â“Âš )
   at ÂÂ•.Â”Âš.Accept(Â‰Â“Âš )
   at ÂÂ•.Â”Âš.Accept(Â‰Â“Âš )
   at ÂÂ•.Â”Âš.Accept(Â‰Â“Âš )
   at ÂÂ•.Â”Âš.Accept(Â‰Â“Âš )
   at ÂÂ•.Â”Âš.Accept(Â‰Â“Âš )
   at Âš.Â.Â‹Â€(List`1 , Document , LoadOptions , Boolean )
   at Aspose.Pdf.Document.ÂŸ(Stream , LoadOptions )
   at Aspose.Pdf.Document..ctor(String filename, LoadOptions options)
   at ResumeBuilder.Controllers.HomeController.DownloadPDF(String html) in C:\Users\srirams\source\repos\ResumeBuilder\ResumeBuilder\Controllers\HomeController.cs:line 65
07-08-2024 18:03:47: System.ArgumentException: At most 4 text fragments can be added in evaluation mode.
   at Aspose.Pdf.Text.TextBuilder.AppendText(TextFragment , Int32 , Boolean )
   at Âš..Â(Â”Âš )
   at ÂÂ•.Â”Âš.Accept(Â‰Â“Âš )
   at ÂÂ•.Â”Âš.Accept(Â‰Â“Âš )
   at ÂÂ•.Â”Âš.Accept(Â‰Â“Âš )
   at ÂÂ•.Â”Âš.Accept(Â‰Â“Âš )
   at ÂÂ•.Â”Âš.Accept(Â‰Â“Âš )
   at ÂÂ•.Â”Âš.Accept(Â‰Â“Âš )
   at ÂÂ•.Â”Âš.Accept(Â‰Â“Âš )
   at ÂÂ•.Â”Âš.Accept(Â‰Â“Âš )
   at Âš.Â.Â‹Â€(List`1 , Document , LoadOptions , Boolean )
   at Aspose.Pdf.Document.ÂŸ(Stream , LoadOptions )
   at Aspose.Pdf.Document..ctor(String filename, LoadOptions options)
   at ResumeBuilder.Controllers.HomeController.DownloadPDF(String html) in C:\Users\srirams\source\repos\ResumeBuilder\ResumeBuilder\Controllers\HomeController.cs:line 65
07-08-2024 18:10:55: ÂÂœ.Â‡Â: The object does not support the operation or argument.
   at Â€Âœ.Âœ.ÂŒÂŸ()
   at Â.Â†.Â‹(Â† )
   at Â.ÂÂ†.get_Color()
   at Â‘Â›.Â™Â›.Initialize(Â‡ , Â† )
   at Â‘Â›.ÂœÂ›.Â€(Â‡ )
   at Â‘Â›.ÂÂ›.ÂŸÂ‘(Â‡ )
   at Â‡Â„.Âš.Â•Â„(ÂŠ )
   at Â‡Â„.Â.Â‡Â‹(ÂŠ )
   at Â‡Â„.Âš.Â•Â„(ÂŠ )
   at Â‡Â„.Â.Â‡Â‹(ÂŠ )
   at Â‡Â„.Â•.Â•Â„(ÂŠ )
   at Â‡Â„.Â.Â‡Â‹(ÂŠ )
   at Â‡Â„.ÂœÂ™.Â•Â„(ÂŠ )
   at Â‡Â„.Âš.Â•Â„(ÂŠ )
   at Â‡Â„..Â•Â„(ÂŠ )
   at ÂÂš.ÂÂ›.Convert(Â , ÂÂš )
   at ÂÂš.ÂÂ›.Convert(Stream , ÂÂš )
   at Âš.Â‘Â.Convert(Stream , Document , Â• , HtmlLoadOptions )
   at Aspose.Pdf.Document.ÂŸ(Stream , LoadOptions )
   at Aspose.Pdf.Document..ctor(String filename, LoadOptions options)
   at ResumeBuilder.Controllers.HomeController.DownloadPDF(String html) in C:\Users\srirams\source\repos\ResumeBuilder\ResumeBuilder\Controllers\HomeController.cs:line 61
07-08-2024 18:11:14: HTML content is null or empty
07-08-2024 18:13:18: ÂÂœ.Â‡Â: The object does not support the operation or argument.
   at Â€Âœ.Âœ.ÂŒÂŸ()
   at Â.Â†.Â‹(Â† )
   at Â.ÂÂ†.get_Color()
   at Â‘Â›.Â™Â›.Initialize(Â‡ , Â† )
   at Â‘Â›.ÂœÂ›.Â€(Â‡ )
   at Â‘Â›.ÂÂ›.ÂŸÂ‘(Â‡ )
   at Â‡Â„.Âš.Â•Â„(ÂŠ )
   at Â‡Â„.Â.Â‡Â‹(ÂŠ )
   at Â‡Â„.Âš.Â•Â„(ÂŠ )
   at Â‡Â„.Â.Â‡Â‹(ÂŠ )
   at Â‡Â„.Â•.Â•Â„(ÂŠ )
   at Â‡Â„.Â.Â‡Â‹(ÂŠ )
   at Â‡Â„.ÂœÂ™.Â•Â„(ÂŠ )
   at Â‡Â„.Âš.Â•Â„(ÂŠ )
   at Â‡Â„..Â•Â„(ÂŠ )
   at ÂÂš.ÂÂ›.Convert(Â , ÂÂš )
   at ÂÂš.ÂÂ›.Convert(Stream , ÂÂš )
   at Âš.Â‘Â.Convert(Stream , Document , Â• , HtmlLoadOptions )
   at Aspose.Pdf.Document.ÂŸ(Stream , LoadOptions )
   at Aspose.Pdf.Document..ctor(String filename, LoadOptions options)
   at ResumeBuilder.Controllers.HomeController.DownloadPDF(String html) in C:\Users\srirams\source\repos\ResumeBuilder\ResumeBuilder\Controllers\HomeController.cs:line 61
07-08-2024 18:15:12: System.ArgumentException: At most 4 text fragments can be added in evaluation mode.
   at Aspose.Pdf.Text.TextBuilder.AppendText(TextFragment , Int32 , Boolean )
   at Âš..Â(Â”Âš )
   at ÂÂ•.Â”Âš.Accept(Â‰Â“Âš )
   at ÂÂ•.Â”Âš.Accept(Â‰Â“Âš )
   at ÂÂ•.Â”Âš.Accept(Â‰Â“Âš )
   at ÂÂ•.Â”Âš.Accept(Â‰Â“Âš )
   at ÂÂ•.Â”Âš.Accept(Â‰Â“Âš )
   at ÂÂ•.Â”Âš.Accept(Â‰Â“Âš )
   at ÂÂ•.Â”Âš.Accept(Â‰Â“Âš )
   at ÂÂ•.Â”Âš.Accept(Â‰Â“Âš )
   at Âš.Â.Â‹Â€(List`1 , Document , LoadOptions , Boolean )
   at Aspose.Pdf.Document.ÂŸ(Stream , LoadOptions )
   at Aspose.Pdf.Document..ctor(String filename, LoadOptions options)
   at ResumeBuilder.Controllers.HomeController.DownloadPDF(String html) in C:\Users\srirams\source\repos\ResumeBuilder\ResumeBuilder\Controllers\HomeController.cs:line 61
07-08-2024 18:15:12: System.ArgumentException: At most 4 text fragments can be added in evaluation mode.
   at Aspose.Pdf.Text.TextBuilder.AppendText(TextFragment , Int32 , Boolean )
   at Âš..Â(Â”Âš )
   at ÂÂ•.Â”Âš.Accept(Â‰Â“Âš )
   at ÂÂ•.Â”Âš.Accept(Â‰Â“Âš )
   at ÂÂ•.Â”Âš.Accept(Â‰Â“Âš )
   at ÂÂ•.Â”Âš.Accept(Â‰Â“Âš )
   at ÂÂ•.Â”Âš.Accept(Â‰Â“Âš )
   at ÂÂ•.Â”Âš.Accept(Â‰Â“Âš )
   at ÂÂ•.Â”Âš.Accept(Â‰Â“Âš )
   at ÂÂ•.Â”Âš.Accept(Â‰Â“Âš )
   at Âš.Â.Â‹Â€(List`1 , Document , LoadOptions , Boolean )
   at Aspose.Pdf.Document.ÂŸ(Stream , LoadOptions )
   at Aspose.Pdf.Document..ctor(String filename, LoadOptions options)
   at ResumeBuilder.Controllers.HomeController.DownloadPDF(String html) in C:\Users\srirams\source\repos\ResumeBuilder\ResumeBuilder\Controllers\HomeController.cs:line 61
07-08-2024 18:16:22: System.ArgumentException: At most 4 text fragments can be added in evaluation mode.
   at Aspose.Pdf.Text.TextBuilder.AppendText(TextFragment , Int32 , Boolean )
   at Âš..Â(Â”Âš )
   at ÂÂ•.Â”Âš.Accept(Â‰Â“Âš )
   at ÂÂ•.Â”Âš.Accept(Â‰Â“Âš )
   at ÂÂ•.Â”Âš.Accept(Â‰Â“Âš )
   at ÂÂ•.Â”Âš.Accept(Â‰Â“Âš )
   at ÂÂ•.Â”Âš.Accept(Â‰Â“Âš )
   at ÂÂ•.Â”Âš.Accept(Â‰Â“Âš )
   at ÂÂ•.Â”Âš.Accept(Â‰Â“Âš )
   at ÂÂ•.Â”Âš.Accept(Â‰Â“Âš )
   at Âš.Â.Â‹Â€(List`1 , Document , LoadOptions , Boolean )
   at Aspose.Pdf.Document.ÂŸ(Stream , LoadOptions )
   at Aspose.Pdf.Document..ctor(String filename, LoadOptions options)
   at ResumeBuilder.Controllers.HomeController.DownloadPDF(String html) in C:\Users\srirams\source\repos\ResumeBuilder\ResumeBuilder\Controllers\HomeController.cs:line 61
07-08-2024 18:20:18: ÂÂœ.Â‡Â: The object does not support the operation or argument.
   at Â€Âœ.Âœ.ÂŒÂŸ()
   at Â.Â†.Â‹(Â† )
   at Â.ÂÂ†.get_Color()
   at Â‘Â›.Â™Â›.Initialize(Â‡ , Â† )
   at Â‘Â›.ÂœÂ›.Â€(Â‡ )
   at Â‘Â›.ÂÂ›.ÂŸÂ‘(Â‡ )
   at Â‡Â„.Âš.Â•Â„(ÂŠ )
   at Â‡Â„.Â.Â‡Â‹(ÂŠ )
   at Â‡Â„.Âš.Â•Â„(ÂŠ )
   at Â‡Â„.Â.Â‡Â‹(ÂŠ )
   at Â‡Â„.Â•.Â•Â„(ÂŠ )
   at Â‡Â„.Â.Â‡Â‹(ÂŠ )
   at Â‡Â„.ÂœÂ™.Â•Â„(ÂŠ )
   at Â‡Â„.Âš.Â•Â„(ÂŠ )
   at Â‡Â„..Â•Â„(ÂŠ )
   at ÂÂš.ÂÂ›.Convert(Â , ÂÂš )
   at ÂÂš.ÂÂ›.Convert(Stream , ÂÂš )
   at Âš.Â‘Â.Convert(Stream , Document , Â• , HtmlLoadOptions )
   at Aspose.Pdf.Document.ÂŸ(Stream , LoadOptions )
   at Aspose.Pdf.Document..ctor(String filename, LoadOptions options)
   at ResumeBuilder.Controllers.HomeController.DownloadPDF(String html) in C:\Users\srirams\source\repos\ResumeBuilder\ResumeBuilder\Controllers\HomeController.cs:line 61
07-08-2024 18:20:38: ÂÂœ.Â‡Â: The object does not support the operation or argument.
   at Â€Âœ.Âœ.ÂŒÂŸ()
   at Â.Â†.Â‹(Â† )
   at Â.ÂÂ†.get_Color()
   at Â‘Â›.Â™Â›.Initialize(Â‡ , Â† )
   at Â‘Â›.ÂœÂ›.Â€(Â‡ )
   at Â‘Â›.ÂÂ›.ÂŸÂ‘(Â‡ )
   at Â‡Â„.Âš.Â•Â„(ÂŠ )
   at Â‡Â„.Â.Â‡Â‹(ÂŠ )
   at Â‡Â„.Âš.Â•Â„(ÂŠ )
   at Â‡Â„.Â.Â‡Â‹(ÂŠ )
   at Â‡Â„.Â•.Â•Â„(ÂŠ )
   at Â‡Â„.Â.Â‡Â‹(ÂŠ )
   at Â‡Â„.ÂœÂ™.Â•Â„(ÂŠ )
   at Â‡Â„.Âš.Â•Â„(ÂŠ )
   at Â‡Â„..Â•Â„(ÂŠ )
   at ÂÂš.ÂÂ›.Convert(Â , ÂÂš )
   at ÂÂš.ÂÂ›.Convert(Stream , ÂÂš )
   at Âš.Â‘Â.Convert(Stream , Document , Â• , HtmlLoadOptions )
   at Aspose.Pdf.Document.ÂŸ(Stream , LoadOptions )
   at Aspose.Pdf.Document..ctor(String filename, LoadOptions options)
   at ResumeBuilder.Controllers.HomeController.DownloadPDF(String html) in C:\Users\srirams\source\repos\ResumeBuilder\ResumeBuilder\Controllers\HomeController.cs:line 61
08-08-2024 10:27:41: HTML content is null or empty
08-08-2024 10:32:44: System.ArgumentException: At most 4 text fragments can be added in evaluation mode.
   at Aspose.Pdf.Text.TextBuilder.AppendText(TextFragment , Int32 , Boolean )
   at Âš..Â(Â”Âš )
   at ÂÂ•.Â”Âš.Accept(Â‰Â“Âš )
   at ÂÂ•.Â”Âš.Accept(Â‰Â“Âš )
   at ÂÂ•.Â”Âš.Accept(Â‰Â“Âš )
   at ÂÂ•.Â”Âš.Accept(Â‰Â“Âš )
   at ÂÂ•.Â”Âš.Accept(Â‰Â“Âš )
   at ÂÂ•.Â”Âš.Accept(Â‰Â“Âš )
   at ÂÂ•.Â”Âš.Accept(Â‰Â“Âš )
   at ÂÂ•.Â”Âš.Accept(Â‰Â“Âš )
   at Âš.Â.Â‹Â€(List`1 , Document , LoadOptions , Boolean )
   at Aspose.Pdf.Document.ÂŸ(Stream , LoadOptions )
   at Aspose.Pdf.Document..ctor(String filename, LoadOptions options)
   at ResumeBuilder.Controllers.HomeController.DownloadPDF() in C:\Users\srirams\source\repos\ResumeBuilder\ResumeBuilder\Controllers\HomeController.cs:line 56
08-08-2024 10:42:46: System.ArgumentException: At most 4 text fragments can be added in evaluation mode.
   at Aspose.Pdf.Text.TextBuilder.AppendText(TextFragment , Int32 , Boolean )
   at Âš..Â(Â”Âš )
   at ÂÂ•.Â”Âš.Accept(Â‰Â“Âš )
   at ÂÂ•.Â”Âš.Accept(Â‰Â“Âš )
   at ÂÂ•.Â”Âš.Accept(Â‰Â“Âš )
   at ÂÂ•.Â”Âš.Accept(Â‰Â“Âš )
   at ÂÂ•.Â”Âš.Accept(Â‰Â“Âš )
   at ÂÂ•.Â”Âš.Accept(Â‰Â“Âš )
   at ÂÂ•.Â”Âš.Accept(Â‰Â“Âš )
   at ÂÂ•.Â”Âš.Accept(Â‰Â“Âš )
   at Âš.Â.Â‹Â€(List`1 , Document , LoadOptions , Boolean )
   at Aspose.Pdf.Document.ÂŸ(Stream , LoadOptions )
   at Aspose.Pdf.Document..ctor(String filename, LoadOptions options)
   at ResumeBuilder.Controllers.HomeController.DownloadPDF() in C:\Users\srirams\source\repos\ResumeBuilder\ResumeBuilder\Controllers\HomeController.cs:line 60
08-08-2024 10:42:46: System.ArgumentException: At most 4 text fragments can be added in evaluation mode.
   at Aspose.Pdf.Text.TextBuilder.AppendText(TextFragment , Int32 , Boolean )
   at Âš..Â(Â”Âš )
   at ÂÂ•.Â”Âš.Accept(Â‰Â“Âš )
   at ÂÂ•.Â”Âš.Accept(Â‰Â“Âš )
   at ÂÂ•.Â”Âš.Accept(Â‰Â“Âš )
   at ÂÂ•.Â”Âš.Accept(Â‰Â“Âš )
   at ÂÂ•.Â”Âš.Accept(Â‰Â“Âš )
   at ÂÂ•.Â”Âš.Accept(Â‰Â“Âš )
   at ÂÂ•.Â”Âš.Accept(Â‰Â“Âš )
   at ÂÂ•.Â”Âš.Accept(Â‰Â“Âš )
   at Âš.Â.Â‹Â€(List`1 , Document , LoadOptions , Boolean )
   at Aspose.Pdf.Document.ÂŸ(Stream , LoadOptions )
   at Aspose.Pdf.Document..ctor(String filename, LoadOptions options)
   at ResumeBuilder.Controllers.HomeController.DownloadPDF() in C:\Users\srirams\source\repos\ResumeBuilder\ResumeBuilder\Controllers\HomeController.cs:line 60
08-08-2024 10:43:47: System.ArgumentException: At most 4 text fragments can be added in evaluation mode.
   at Aspose.Pdf.Text.TextBuilder.AppendText(TextFragment , Int32 , Boolean )
   at Âš..Â(Â”Âš )
   at ÂÂ•.Â”Âš.Accept(Â‰Â“Âš )
   at ÂÂ•.Â”Âš.Accept(Â‰Â“Âš )
   at ÂÂ•.Â”Âš.Accept(Â‰Â“Âš )
   at ÂÂ•.Â”Âš.Accept(Â‰Â“Âš )
   at ÂÂ•.Â”Âš.Accept(Â‰Â“Âš )
   at ÂÂ•.Â”Âš.Accept(Â‰Â“Âš )
   at ÂÂ•.Â”Âš.Accept(Â‰Â“Âš )
   at ÂÂ•.Â”Âš.Accept(Â‰Â“Âš )
   at Âš.Â.Â‹Â€(List`1 , Document , LoadOptions , Boolean )
   at Aspose.Pdf.Document.ÂŸ(Stream , LoadOptions )
   at Aspose.Pdf.Document..ctor(String filename, LoadOptions options)
   at ResumeBuilder.Controllers.HomeController.DownloadPDF() in C:\Users\srirams\source\repos\ResumeBuilder\ResumeBuilder\Controllers\HomeController.cs:line 60
08-08-2024 11:34:10: System.ArgumentException: At most 4 text fragments can be added in evaluation mode.
   at Aspose.Pdf.Text.TextBuilder.AppendText(TextFragment , Int32 , Boolean )
   at Âš..Â(Â”Âš )
   at ÂÂ•.Â”Âš.Accept(Â‰Â“Âš )
   at ÂÂ•.Â”Âš.Accept(Â‰Â“Âš )
   at ÂÂ•.Â”Âš.Accept(Â‰Â“Âš )
   at ÂÂ•.Â”Âš.Accept(Â‰Â“Âš )
   at ÂÂ•.Â”Âš.Accept(Â‰Â“Âš )
   at ÂÂ•.Â”Âš.Accept(Â‰Â“Âš )
   at ÂÂ•.Â”Âš.Accept(Â‰Â“Âš )
   at ÂÂ•.Â”Âš.Accept(Â‰Â“Âš )
   at Âš.Â.Â‹Â€(List`1 , Document , LoadOptions , Boolean )
   at Aspose.Pdf.Document.ÂŸ(Stream , LoadOptions )
   at Aspose.Pdf.Document..ctor(String filename, LoadOptions options)
   at ResumeBuilder.Controllers.HomeController.DownloadPDF() in C:\Users\srirams\source\repos\ResumeBuilder\ResumeBuilder\Controllers\HomeController.cs:line 56
08-08-2024 11:39:33: System.ArgumentException: At most 4 text fragments can be added in evaluation mode.
   at Aspose.Pdf.Text.TextBuilder.AppendText(TextFragment , Int32 , Boolean )
   at Âš..Â(Â”Âš )
   at ÂÂ•.Â”Âš.Accept(Â‰Â“Âš )
   at ÂÂ•.Â”Âš.Accept(Â‰Â“Âš )
   at ÂÂ•.Â”Âš.Accept(Â‰Â“Âš )
   at ÂÂ•.Â”Âš.Accept(Â‰Â“Âš )
   at ÂÂ•.Â”Âš.Accept(Â‰Â“Âš )
   at ÂÂ•.Â”Âš.Accept(Â‰Â“Âš )
   at ÂÂ•.Â”Âš.Accept(Â‰Â“Âš )
   at ÂÂ•.Â”Âš.Accept(Â‰Â“Âš )
   at Âš.Â.Â‹Â€(List`1 , Document , LoadOptions , Boolean )
   at Aspose.Pdf.Document.ÂŸ(Stream , LoadOptions )
   at Aspose.Pdf.Document..ctor(String filename, LoadOptions options)
   at ResumeBuilder.Controllers.HomeController.DownloadPDF() in C:\Users\srirams\source\repos\ResumeBuilder\ResumeBuilder\Controllers\HomeController.cs:line 56
08-08-2024 11:43:09: System.ArgumentException: At most 4 text fragments can be added in evaluation mode.
   at Aspose.Pdf.Text.TextBuilder.AppendText(TextFragment , Int32 , Boolean )
   at Âš..Â(Â”Âš )
   at ÂÂ•.Â”Âš.Accept(Â‰Â“Âš )
   at ÂÂ•.Â”Âš.Accept(Â‰Â“Âš )
   at ÂÂ•.Â”Âš.Accept(Â‰Â“Âš )
   at ÂÂ•.Â”Âš.Accept(Â‰Â“Âš )
   at ÂÂ•.Â”Âš.Accept(Â‰Â“Âš )
   at ÂÂ•.Â”Âš.Accept(Â‰Â“Âš )
   at ÂÂ•.Â”Âš.Accept(Â‰Â“Âš )
   at ÂÂ•.Â”Âš.Accept(Â‰Â“Âš )
   at Âš.Â.Â‹Â€(List`1 , Document , LoadOptions , Boolean )
   at Aspose.Pdf.Document.ÂŸ(Stream , LoadOptions )
   at Aspose.Pdf.Document..ctor(String filename, LoadOptions options)
   at ResumeBuilder.Controllers.HomeController.DownloadPDF() in C:\Users\srirams\source\repos\ResumeBuilder\ResumeBuilder\Controllers\HomeController.cs:line 56
08-08-2024 11:51:15: System.ArgumentException: At most 4 text fragments can be added in evaluation mode.
   at Aspose.Pdf.Text.TextBuilder.AppendText(TextFragment , Int32 , Boolean )
   at Âš..Â(Â”Âš )
   at ÂÂ•.Â”Âš.Accept(Â‰Â“Âš )
   at ÂÂ•.Â”Âš.Accept(Â‰Â“Âš )
   at ÂÂ•.Â”Âš.Accept(Â‰Â“Âš )
   at ÂÂ•.Â”Âš.Accept(Â‰Â“Âš )
   at ÂÂ•.Â”Âš.Accept(Â‰Â“Âš )
   at ÂÂ•.Â”Âš.Accept(Â‰Â“Âš )
   at ÂÂ•.Â”Âš.Accept(Â‰Â“Âš )
   at ÂÂ•.Â”Âš.Accept(Â‰Â“Âš )
   at Âš.Â.Â‹Â€(List`1 , Document , LoadOptions , Boolean )
   at Aspose.Pdf.Document.ÂŸ(Stream , LoadOptions )
   at Aspose.Pdf.Document..ctor(String filename, LoadOptions options)
   at ResumeBuilder.Controllers.HomeController.DownloadPDF() in C:\Users\srirams\source\repos\ResumeBuilder\ResumeBuilder\Controllers\HomeController.cs:line 56
08-08-2024 12:06:34: System.ArgumentNullException: Value cannot be null.
Parameter name: view
   at System.Web.Mvc.ViewContext..ctor(ControllerContext controllerContext, IView view, ViewDataDictionary viewData, TempDataDictionary tempData, TextWriter writer)
   at ResumeBuilder.Controllers.HomeController.RenderRazorViewToString(String viewName) in C:\Users\srirams\source\repos\ResumeBuilder\ResumeBuilder\Controllers\HomeController.cs:line 82
   at ResumeBuilder.Controllers.HomeController.DownloadPDF() in C:\Users\srirams\source\repos\ResumeBuilder\ResumeBuilder\Controllers\HomeController.cs:line 55
08-08-2024 12:08:09: System.ArgumentNullException: Value cannot be null.
Parameter name: view
   at System.Web.Mvc.ViewContext..ctor(ControllerContext controllerContext, IView view, ViewDataDictionary viewData, TempDataDictionary tempData, TextWriter writer)
   at ResumeBuilder.Controllers.HomeController.RenderRazorViewToString(String viewName) in C:\Users\srirams\source\repos\ResumeBuilder\ResumeBuilder\Controllers\HomeController.cs:line 82
   at ResumeBuilder.Controllers.HomeController.DownloadPDF() in C:\Users\srirams\source\repos\ResumeBuilder\ResumeBuilder\Controllers\HomeController.cs:line 55
08-08-2024 12:14:08: System.ArgumentNullException: Value cannot be null.
Parameter name: view
   at System.Web.Mvc.ViewContext..ctor(ControllerContext controllerContext, IView view, ViewDataDictionary viewData, TempDataDictionary tempData, TextWriter writer)
   at ResumeBuilder.Controllers.HomeController.RenderRazorViewToString(String viewName) in C:\Users\srirams\source\repos\ResumeBuilder\ResumeBuilder\Controllers\HomeController.cs:line 82
   at ResumeBuilder.Controllers.HomeController.DownloadPDF() in C:\Users\srirams\source\repos\ResumeBuilder\ResumeBuilder\Controllers\HomeController.cs:line 55
08-08-2024 12:14:28: System.ArgumentNullException: Value cannot be null.
Parameter name: view
   at System.Web.Mvc.ViewContext..ctor(ControllerContext controllerContext, IView view, ViewDataDictionary viewData, TempDataDictionary tempData, TextWriter writer)
   at ResumeBuilder.Controllers.HomeController.RenderRazorViewToString(String viewName) in C:\Users\srirams\source\repos\ResumeBuilder\ResumeBuilder\Controllers\HomeController.cs:line 82
   at ResumeBuilder.Controllers.HomeController.DownloadPDF() in C:\Users\srirams\source\repos\ResumeBuilder\ResumeBuilder\Controllers\HomeController.cs:line 55
08-08-2024 12:15:54: System.ArgumentNullException: Value cannot be null.
Parameter name: view
   at System.Web.Mvc.ViewContext..ctor(ControllerContext controllerContext, IView view, ViewDataDictionary viewData, TempDataDictionary tempData, TextWriter writer)
   at ResumeBuilder.Controllers.HomeController.RenderRazorViewToString(String viewName) in C:\Users\srirams\source\repos\ResumeBuilder\ResumeBuilder\Controllers\HomeController.cs:line 82
   at ResumeBuilder.Controllers.HomeController.DownloadPDF() in C:\Users\srirams\source\repos\ResumeBuilder\ResumeBuilder\Controllers\HomeController.cs:line 55
08-08-2024 12:20:23: System.ArgumentNullException: Value cannot be null.
Parameter name: view
   at System.Web.Mvc.ViewContext..ctor(ControllerContext controllerContext, IView view, ViewDataDictionary viewData, TempDataDictionary tempData, TextWriter writer)
   at ResumeBuilder.Controllers.HomeController.RenderRazorViewToString(String viewName) in C:\Users\srirams\source\repos\ResumeBuilder\ResumeBuilder\Controllers\HomeController.cs:line 82
   at ResumeBuilder.Controllers.HomeController.DownloadPDF() in C:\Users\srirams\source\repos\ResumeBuilder\ResumeBuilder\Controllers\HomeController.cs:line 55
08-08-2024 12:20:47: System.ArgumentNullException: Value cannot be null.
Parameter name: view
   at System.Web.Mvc.ViewContext..ctor(ControllerContext controllerContext, IView view, ViewDataDictionary viewData, TempDataDictionary tempData, TextWriter writer)
   at ResumeBuilder.Controllers.HomeController.RenderRazorViewToString(String viewName) in C:\Users\srirams\source\repos\ResumeBuilder\ResumeBuilder\Controllers\HomeController.cs:line 82
   at ResumeBuilder.Controllers.HomeController.DownloadPDF() in C:\Users\srirams\source\repos\ResumeBuilder\ResumeBuilder\Controllers\HomeController.cs:line 55
08-08-2024 12:21:00: System.ArgumentNullException: Value cannot be null.
Parameter name: view
   at System.Web.Mvc.ViewContext..ctor(ControllerContext controllerContext, IView view, ViewDataDictionary viewData, TempDataDictionary tempData, TextWriter writer)
   at ResumeBuilder.Controllers.HomeController.RenderRazorViewToString(String viewName) in C:\Users\srirams\source\repos\ResumeBuilder\ResumeBuilder\Controllers\HomeController.cs:line 82
   at ResumeBuilder.Controllers.HomeController.DownloadPDF() in C:\Users\srirams\source\repos\ResumeBuilder\ResumeBuilder\Controllers\HomeController.cs:line 55
08-08-2024 12:25:18: System.ArgumentNullException: Value cannot be null.
Parameter name: view
   at System.Web.Mvc.ViewContext..ctor(ControllerContext controllerContext, IView view, ViewDataDictionary viewData, TempDataDictionary tempData, TextWriter writer)
   at ResumeBuilder.Controllers.HomeController.RenderRazorViewToString(String viewName) in C:\Users\srirams\source\repos\ResumeBuilder\ResumeBuilder\Controllers\HomeController.cs:line 82
   at ResumeBuilder.Controllers.HomeController.DownloadPDF() in C:\Users\srirams\source\repos\ResumeBuilder\ResumeBuilder\Controllers\HomeController.cs:line 55
